gcc -Wall data.c -o data_gen
./data_gen 1 8
cp 320mm.dat data.bin
/opt/mips-tools/bin/SimMips -M sim.m 320mm
## SimMips: Simple Computer Simulator of MIPS Ver.0.7.5 2012-10-09 (Ver.2013-09-03_PCON)
mm n=16
00100000: 000001b2_000001de_000001c5_000000b0
00200000: 000001a4_0000007c_00000015_0000018b
00100010: 000001c3_00000155_00000113_000001cd
00200010: 00000142_000000c0_00000086_00000147
00100020: 0000011d_0000010b_00000002_000001cb
00200020: 000001ca_000001bc_00000178_00000121
00100030: 000001a9_00000053_00000133_0000008c
00200030: 00000104_000001d4_000001f3_00000088
00100040: 00000103_00000001_0000011a_0000016a
00200040: 000001cf_000000d8_00000153_0000017a
00100050: 000000cd_000000e1_00000061_0000002a
00200050: 000000b7_00000030_00000180_00000021
00100060: 0000003e_00000097_0000003b_00000151
00200060: 00000124_00000159_00000068_000000d0
00100070: 00000144_00000151_00000123_000001e2
00200070: 000000c7_000000d7_00000040_00000171
00100080: 00000039_00000142_00000026_0000005d
00200080: 0000016c_00000129_0000005e_0000006a
00100090: 000000ef_000000cb_000000f8_0000014a
00200090: 00000027_000001c5_00000037_0000009b
001000a0: 00000068_0000008f_0000008f_000000a1
002000a0: 0000007c_000000cd_00000138_0000012b
001000b0: 0000006e_0000006e_000000bd_0000004a
002000b0: 000000cb_0000000d_0000019c_0000018b
001000c0: 00000131_000001bd_0000012a_00000077
002000c0: 00000113_00000164_000001b9_00000094
001000d0: 000000fd_00000005_0000014b_0000000a
002000d0: 000000a6_00000045_000000d5_00000034
001000e0: 00000088_00000066_000001df_00000171
002000e0: 000000b1_00000052_0000000b_0000018d
001000f0: 00000124_00000152_00000058_000001de
002000f0: 000001c9_000000c6_00000058_00000145
00100100: 00000041_000001be_0000018e_0000015a
00200100: 000001c9_000000cb_00000122_0000005a
00100110: 000001ab_000001d2_000000aa_000000ff
00200110: 0000014e_000001a7_00000105_0000018c
00100120: 00000062_000001e8_00000159_00000140
00200120: 000001d2_000001e2_000001a6_00000196
00100130: 00000065_00000180_00000035_00000132
00200130: 000000e5_0000015a_00000090_000000ba
00100140: 00000152_000000c9_00000013_000001b4
00200140: 000001c9_00000054_0000017e_000001f3
00100150: 00000117_000001af_000000da_000001e0
00200150: 000000fa_00000091_000001bd_00000007
00100160: 00000003_00000069_000000ab_00000032
00200160: 0000019b_0000010d_00000025_0000007b
00100170: 00000044_00000193_00000036_000001c7
00200170: 00000152_0000009c_00000153_00000039
00100180: 00000139_000000ac_000000db_0000009a
00200180: 00000097_00000038_00000164_00000057
00100190: 000000f4_000000af_00000060_00000040
00200190: 000000e1_00000177_000001ef_0000001e
001001a0: 0000000e_000000b8_00000107_000001f3
002001a0: 0000008b_0000010b_00000067_0000019f
001001b0: 00000040_000000e1_000001df_00000144
002001b0: 0000017c_0000002e_000000e2_00000045
001001c0: 000001ca_00000154_000000eb_00000086
002001c0: 00000195_00000030_00000132_0000011b
001001d0: 000001e0_000001ad_0000018f_0000004e
002001d0: 000001ab_0000008f_000000fe_00000035
001001e0: 0000017e_00000009_0000001e_0000003a
002001e0: 0000014d_0000002d_000000f2_000000f3
001001f0: 000000db_00000196_0000003b_00000072
002001f0: 00000027_0000007b_00000154_00000168
00100200: 00000098_00000002_0000015a_00000197
00200200: 00000051_0000012f_000000f7_000001c7
00100210: 000000d3_000000c2_00000150_00000164
00200210: 000000fc_0000013b_0000011c_00000032
00100220: 00000191_0000011f_000001ef_0000003a
00200220: 00000192_00000179_00000043_000000f2
00100230: 000000b6_00000053_000000f2_000000ec
00200230: 000001eb_000001cd_0000008e_000001cd
00100240: 00000000_0000014a_000000ee_000001a0
00200240: 000000ba_00000186_000001a3_0000001b
00100250: 00000183_00000097_000001d7_000001b9
00200250: 000000d1_000000b5_00000086_00000150
00100260: 00000070_00000102_00000115_000001a8
00200260: 000001ef_000000b1_000000d2_0000017e
00100270: 000000d4_0000013b_00000088_00000089
00200270: 000000e6_0000013f_000000dd_00000162
00100280: 0000016a_00000154_00000095_0000015a
00200280: 00000118_00000095_000000b0_000001c2
00100290: 00000159_0000000d_0000019f_000001e5
00200290: 000001b5_0000012e_00000087_0000014c
001002a0: 000001b4_0000012b_00000093_000000b7
002002a0: 000001b4_00000104_000001ba_00000079
001002b0: 0000009f_00000187_0000009d_00000071
002002b0: 000000ed_00000171_000001ad_00000048
001002c0: 000001b6_000001c9_0000019e_0000013e
002002c0: 000001ba_00000113_0000009d_00000134
001002d0: 00000039_0000009a_0000004d_0000006b
002002d0: 00000151_000001a6_00000079_00000160
001002e0: 00000116_000001d2_00000116_0000002b
002002e0: 0000004f_000000d6_00000156_000000cd
001002f0: 0000019f_0000012f_00000007_0000011e
002002f0: 00000079_000000a6_000000b1_000001b3
00100300: 00000174_00000067_00000117_000001db
00200300: 000000d2_000000d8_000001af_00000148
00100310: 0000003b_00000173_0000014b_00000044
00200310: 0000019e_00000185_000000de_000001c2
00100320: 0000008a_00000033_00000100_0000005e
00200320: 00000152_00000021_0000003b_00000151
00100330: 00000188_00000139_0000000e_000001d4
00200330: 0000011f_000001ae_0000010e_00000092
00100340: 00000046_00000183_000000d9_00000101
00200340: 000001c7_00000059_00000168_000000aa
00100350: 00000144_00000122_000000b0_00000026
00200350: 00000180_000000ec_0000019a_00000191
00100360: 000001ce_00000070_000001bb_00000048
00200360: 0000004f_00000051_0000007c_0000004f
00100370: 00000147_00000196_0000015e_000000e3
00200370: 000000a3_000000f2_00000027_000001dd
00100380: 000000fc_00000086_00000016_0000019c
00200380: 000000ad_0000005d_0000012a_0000002c
00100390: 000000a7_000000a4_00000052_000001ee
00200390: 000000ed_00000197_0000011c_000001ad
001003a0: 000000b2_000000c0_0000016a_000001e6
002003a0: 000001a3_00000143_00000062_0000006e
001003b0: 00000170_0000010d_000001cb_0000012b
002003b0: 000000b5_0000011e_000000cd_0000001b
001003c0: 00000088_000001e3_000001df_0000014a
002003c0: 000001dd_000000e7_000001d0_00000186
001003d0: 0000003e_0000007d_00000104_000000a0
002003d0: 0000006e_000001ac_00000145_000000da
001003e0: 00000094_000000f7_000000d0_00000025
002003e0: 0000002d_00000183_000000e5_000001a8
001003f0: 0000016d_00000189_000000fa_0000019e
002003f0: 000000de_00000075_000000b7_0000006b
00100000: 000000b0
00100040: 0000016a
00100080: 0000005d
001000c0: 00000077
00200000: 000001a4_0000007c_00000015_0000018b
00100004: 000001c5
00100044: 0000011a
00100084: 00000026
001000c4: 0000012a
00200040: 000001cf_000000d8_00000153_0000017a
00100008: 000001de
00100048: 00000001
00100088: 00000142
001000c8: 000001bd
00200080: 0000016c_00000129_0000005e_0000006a
0010000c: 000001b2
0010004c: 00000103
0010008c: 00000039
001000cc: 00000131
002000c0: 00000113_00000164_000001b9_00000094
00100010: 000001cd
00100050: 0000002a
00100090: 0000014a
001000d0: 0000000a
00200100: 000001c9_000000cb_00000122_0000005a
00100014: 00000113
00100054: 00000061
00100094: 000000f8
001000d4: 0000014b
00200140: 000001c9_00000054_0000017e_000001f3
00100018: 00000155
00100058: 000000e1
00100098: 000000cb
001000d8: 00000005
00200180: 00000097_00000038_00000164_00000057
0010001c: 000001c3
0010005c: 000000cd
0010009c: 000000ef
001000dc: 000000fd
002001c0: 00000195_00000030_00000132_0000011b
00100020: 000001cb
00100060: 00000151
001000a0: 000000a1
001000e0: 00000171
00200200: 00000051_0000012f_000000f7_000001c7
00100024: 00000002
00100064: 0000003b
001000a4: 0000008f
001000e4: 000001df
00200240: 000000ba_00000186_000001a3_0000001b
00100028: 0000010b
00100068: 00000097
001000a8: 0000008f
001000e8: 00000066
00200280: 00000118_00000095_000000b0_000001c2
0010002c: 0000011d
0010006c: 0000003e
001000ac: 00000068
001000ec: 00000088
002002c0: 000001ba_00000113_0000009d_00000134
00100030: 0000008c
00100070: 000001e2
001000b0: 0000004a
001000f0: 000001de
00200300: 000000d2_000000d8_000001af_00000148
00100034: 00000133
00100074: 00000123
001000b4: 000000bd
001000f4: 00000058
00200340: 000001c7_00000059_00000168_000000aa
00100038: 00000053
00100078: 00000151
001000b8: 0000006e
001000f8: 00000152
00200380: 000000ad_0000005d_0000012a_0000002c
0010003c: 000001a9
0010007c: 00000144
001000bc: 0000006e
001000fc: 00000124
002003c0: 000001dd_000000e7_000001d0_00000186
00300000: 001b09ad_000f2ee1_0016be29_0014ff0a
00300040: 00109e7b_0009bd49_00110bb7_000f638d
00300080: 000d6cc5_000728f1_000b2784_00094f09
003000c0: 0012e6ab_000e16ac_0013bc8e_00102966
00100000: 000000b0
00100040: 0000016a
00100080: 0000005d
001000c0: 00000077
00200010: 00000142_000000c0_00000086_00000147
00100004: 000001c5
00100044: 0000011a
00100084: 00000026
001000c4: 0000012a
00200050: 000000b7_00000030_00000180_00000021
00100008: 000001de
00100048: 00000001
00100088: 00000142
001000c8: 000001bd
00200090: 00000027_000001c5_00000037_0000009b
0010000c: 000001b2
0010004c: 00000103
0010008c: 00000039
001000cc: 00000131
002000d0: 000000a6_00000045_000000d5_00000034
00100010: 000001cd
00100050: 0000002a
00100090: 0000014a
001000d0: 0000000a
00200110: 0000014e_000001a7_00000105_0000018c
00100014: 00000113
00100054: 00000061
00100094: 000000f8
001000d4: 0000014b
00200150: 000000fa_00000091_000001bd_00000007
00100018: 00000155
00100058: 000000e1
00100098: 000000cb
001000d8: 00000005
00200190: 000000e1_00000177_000001ef_0000001e
0010001c: 000001c3
0010005c: 000000cd
0010009c: 000000ef
001000dc: 000000fd
002001d0: 000001ab_0000008f_000000fe_00000035
00100020: 000001cb
00100060: 00000151
001000a0: 000000a1
001000e0: 00000171
00200210: 000000fc_0000013b_0000011c_00000032
00100024: 00000002
00100064: 0000003b
001000a4: 0000008f
001000e4: 000001df
00200250: 000000d1_000000b5_00000086_00000150
00100028: 0000010b
00100068: 00000097
001000a8: 0000008f
001000e8: 00000066
00200290: 000001b5_0000012e_00000087_0000014c
0010002c: 0000011d
0010006c: 0000003e
001000ac: 00000068
001000ec: 00000088
002002d0: 00000151_000001a6_00000079_00000160
00100030: 0000008c
00100070: 000001e2
001000b0: 0000004a
001000f0: 000001de
00200310: 0000019e_00000185_000000de_000001c2
00100034: 00000133
00100074: 00000123
001000b4: 000000bd
001000f4: 00000058
00200350: 00000180_000000ec_0000019a_00000191
00100038: 00000053
00100078: 00000151
001000b8: 0000006e
001000f8: 00000152
00200390: 000000ed_00000197_0000011c_000001ad
0010003c: 000001a9
0010007c: 00000144
001000bc: 0000006e
001000fc: 00000124
002003d0: 0000006e_000001ac_00000145_000000da
00300010: 0013bc32_0015a1ea_0014c8c2_000df523
00300050: 000f3cb2_000ec342_000f14fd_000cb877
00300090: 000a8078_000bf773_000a420d_00087c79
003000d0: 000f01ca_0010f1ab_000ec834_000d547a
00100000: 000000b0
00100040: 0000016a
00100080: 0000005d
001000c0: 00000077
00200020: 000001ca_000001bc_00000178_00000121
00100004: 000001c5
00100044: 0000011a
00100084: 00000026
001000c4: 0000012a
00200060: 00000124_00000159_00000068_000000d0
00100008: 000001de
00100048: 00000001
00100088: 00000142
001000c8: 000001bd
002000a0: 0000007c_000000cd_00000138_0000012b
0010000c: 000001b2
0010004c: 00000103
0010008c: 00000039
001000cc: 00000131
002000e0: 000000b1_00000052_0000000b_0000018d
00100010: 000001cd
00100050: 0000002a
00100090: 0000014a
001000d0: 0000000a
00200120: 000001d2_000001e2_000001a6_00000196
00100014: 00000113
00100054: 00000061
00100094: 000000f8
001000d4: 0000014b
00200160: 0000019b_0000010d_00000025_0000007b
00100018: 00000155
00100058: 000000e1
00100098: 000000cb
001000d8: 00000005
002001a0: 0000008b_0000010b_00000067_0000019f
0010001c: 000001c3
0010005c: 000000cd
0010009c: 000000ef
001000dc: 000000fd
002001e0: 0000014d_0000002d_000000f2_000000f3
00100020: 000001cb
00100060: 00000151
001000a0: 000000a1
001000e0: 00000171
00200220: 00000192_00000179_00000043_000000f2
00100024: 00000002
00100064: 0000003b
001000a4: 0000008f
001000e4: 000001df
00200260: 000001ef_000000b1_000000d2_0000017e
00100028: 0000010b
00100068: 00000097
001000a8: 0000008f
001000e8: 00000066
002002a0: 000001b4_00000104_000001ba_00000079
0010002c: 0000011d
0010006c: 0000003e
001000ac: 00000068
001000ec: 00000088
002002e0: 0000004f_000000d6_00000156_000000cd
00100030: 0000008c
00100070: 000001e2
001000b0: 0000004a
001000f0: 000001de
00200320: 00000152_00000021_0000003b_00000151
00100034: 00000133
00100074: 00000123
001000b4: 000000bd
001000f4: 00000058
00200360: 0000004f_00000051_0000007c_0000004f
00100038: 00000053
00100078: 00000151
001000b8: 0000006e
001000f8: 00000152
002003a0: 000001a3_00000143_00000062_0000006e
0010003c: 000001a9
0010007c: 00000144
001000bc: 0000006e
001000fc: 00000124
002003e0: 0000002d_00000183_000000e5_000001a8
00300020: 0014351d_0013d688_000f7b60_00154c20
00300060: 000fb82b_000d1ad2_0008812e_000e3e87
003000a0: 000ba971_000a06d5_0008b4bd_000a8c72
003000e0: 0012ecc9_000dc794_0009f37a_0010ca4e
00100000: 000000b0
00100040: 0000016a
00100080: 0000005d
001000c0: 00000077
00200030: 00000104_000001d4_000001f3_00000088
00100004: 000001c5
00100044: 0000011a
00100084: 00000026
001000c4: 0000012a
00200070: 000000c7_000000d7_00000040_00000171
00100008: 000001de
00100048: 00000001
00100088: 00000142
001000c8: 000001bd
002000b0: 000000cb_0000000d_0000019c_0000018b
0010000c: 000001b2
0010004c: 00000103
0010008c: 00000039
001000cc: 00000131
002000f0: 000001c9_000000c6_00000058_00000145
00100010: 000001cd
00100050: 0000002a
00100090: 0000014a
001000d0: 0000000a
00200130: 000000e5_0000015a_00000090_000000ba
00100014: 00000113
00100054: 00000061
00100094: 000000f8
001000d4: 0000014b
00200170: 00000152_0000009c_00000153_00000039
00100018: 00000155
00100058: 000000e1
00100098: 000000cb
001000d8: 00000005
002001b0: 0000017c_0000002e_000000e2_00000045
0010001c: 000001c3
0010005c: 000000cd
0010009c: 000000ef
001000dc: 000000fd
002001f0: 00000027_0000007b_00000154_00000168
00100020: 000001cb
00100060: 00000151
001000a0: 000000a1
001000e0: 00000171
00200230: 000001eb_000001cd_0000008e_000001cd
00100024: 00000002
00100064: 0000003b
001000a4: 0000008f
001000e4: 000001df
00200270: 000000e6_0000013f_000000dd_00000162
00100028: 0000010b
00100068: 00000097
001000a8: 0000008f
001000e8: 00000066
002002b0: 000000ed_00000171_000001ad_00000048
0010002c: 0000011d
0010006c: 0000003e
001000ac: 00000068
001000ec: 00000088
002002f0: 00000079_000000a6_000000b1_000001b3
00100030: 0000008c
00100070: 000001e2
001000b0: 0000004a
001000f0: 000001de
00200330: 0000011f_000001ae_0000010e_00000092
00100034: 00000133
00100074: 00000123
001000b4: 000000bd
001000f4: 00000058
00200370: 000000a3_000000f2_00000027_000001dd
00100038: 00000053
00100078: 00000151
001000b8: 0000006e
001000f8: 00000152
002003b0: 000000b5_0000011e_000000cd_0000001b
0010003c: 000001a9
0010007c: 00000144
001000bc: 0000006e
001000fc: 00000124
002003f0: 000000de_00000075_000000b7_0000006b
00300030: 0013d6ba_0010f5cd_00110bca_0015083c
00300070: 000e6e39_000f3d4b_000c05ab_000c5285
003000b0: 000984bb_0008b49e_0009e91c_0009d3b8
003000f0: 00101ab0_000f75b6_000ecff1_00105997
00100100: 0000015a
00100140: 000001b4
00100180: 0000009a
001001c0: 00000086
00200000: 000001a4_0000007c_00000015_0000018b
00100104: 0000018e
00100144: 00000013
00100184: 000000db
001001c4: 000000eb
00200040: 000001cf_000000d8_00000153_0000017a
00100108: 000001be
00100148: 000000c9
00100188: 000000ac
001001c8: 00000154
00200080: 0000016c_00000129_0000005e_0000006a
0010010c: 00000041
0010014c: 00000152
0010018c: 00000139
001001cc: 000001ca
002000c0: 00000113_00000164_000001b9_00000094
00100110: 000000ff
00100150: 000001e0
00100190: 00000040
001001d0: 0000004e
00200100: 000001c9_000000cb_00000122_0000005a
00100114: 000000aa
00100154: 000000da
00100194: 00000060
001001d4: 0000018f
00200140: 000001c9_00000054_0000017e_000001f3
00100118: 000001d2
00100158: 000001af
00100198: 000000af
001001d8: 000001ad
00200180: 00000097_00000038_00000164_00000057
0010011c: 000001ab
0010015c: 00000117
0010019c: 000000f4
001001dc: 000001e0
002001c0: 00000195_00000030_00000132_0000011b
00100120: 00000140
00100160: 00000032
001001a0: 000001f3
001001e0: 0000003a
00200200: 00000051_0000012f_000000f7_000001c7
00100124: 00000159
00100164: 000000ab
001001a4: 00000107
001001e4: 0000001e
00200240: 000000ba_00000186_000001a3_0000001b
00100128: 000001e8
00100168: 00000069
001001a8: 000000b8
001001e8: 00000009
00200280: 00000118_00000095_000000b0_000001c2
0010012c: 00000062
0010016c: 00000003
001001ac: 0000000e
001001ec: 0000017e
002002c0: 000001ba_00000113_0000009d_00000134
00100130: 00000132
00100170: 000001c7
001001b0: 00000144
001001f0: 00000072
00200300: 000000d2_000000d8_000001af_00000148
00100134: 00000035
00100174: 00000036
001001b4: 000001df
001001f4: 0000003b
00200340: 000001c7_00000059_00000168_000000aa
00100138: 00000180
00100178: 00000193
001001b8: 000000e1
001001f8: 00000196
00200380: 000000ad_0000005d_0000012a_0000002c
0010013c: 00000065
0010017c: 00000044
001001bc: 00000040
001001fc: 000000db
002003c0: 000001dd_000000e7_000001d0_00000186
00300100: 0015ac51_000d181b_00139cec_00120f30
00300140: 0011748e_0009dba8_00110360_000c2ac5
00300180: 000f7f38_000ac145_0010cbbe_000d9449
003001c0: 0013d293_000a66e9_0011e40b_000e1b36
00100100: 0000015a
00100140: 000001b4
00100180: 0000009a
001001c0: 00000086
00200010: 00000142_000000c0_00000086_00000147
00100104: 0000018e
00100144: 00000013
00100184: 000000db
001001c4: 000000eb
00200050: 000000b7_00000030_00000180_00000021
00100108: 000001be
00100148: 000000c9
00100188: 000000ac
001001c8: 00000154
00200090: 00000027_000001c5_00000037_0000009b
0010010c: 00000041
0010014c: 00000152
0010018c: 00000139
001001cc: 000001ca
002000d0: 000000a6_00000045_000000d5_00000034
00100110: 000000ff
00100150: 000001e0
00100190: 00000040
001001d0: 0000004e
00200110: 0000014e_000001a7_00000105_0000018c
00100114: 000000aa
00100154: 000000da
00100194: 00000060
001001d4: 0000018f
00200150: 000000fa_00000091_000001bd_00000007
00100118: 000001d2
00100158: 000001af
00100198: 000000af
001001d8: 000001ad
00200190: 000000e1_00000177_000001ef_0000001e
0010011c: 000001ab
0010015c: 00000117
0010019c: 000000f4
001001dc: 000001e0
002001d0: 000001ab_0000008f_000000fe_00000035
00100120: 00000140
00100160: 00000032
001001a0: 000001f3
001001e0: 0000003a
00200210: 000000fc_0000013b_0000011c_00000032
00100124: 00000159
00100164: 000000ab
001001a4: 00000107
001001e4: 0000001e
00200250: 000000d1_000000b5_00000086_00000150
00100128: 000001e8
00100168: 00000069
001001a8: 000000b8
001001e8: 00000009
00200290: 000001b5_0000012e_00000087_0000014c
0010012c: 00000062
0010016c: 00000003
001001ac: 0000000e
001001ec: 0000017e
002002d0: 00000151_000001a6_00000079_00000160
00100130: 00000132
00100170: 000001c7
001001b0: 00000144
001001f0: 00000072
00200310: 0000019e_00000185_000000de_000001c2
00100134: 00000035
00100174: 00000036
001001b4: 000001df
001001f4: 0000003b
00200350: 00000180_000000ec_0000019a_00000191
00100138: 00000180
00100178: 00000193
001001b8: 000000e1
001001f8: 00000196
00200390: 000000ed_00000197_0000011c_000001ad
0010013c: 00000065
0010017c: 00000044
001001bc: 00000040
001001fc: 000000db
002003d0: 0000006e_000001ac_00000145_000000da
00300110: 00137644_00147fbc_0011c7ef_000f6ffa
00300150: 000ff63c_0010bff0_000ebfe0_000e0e98
00300190: 000efa2c_000dd0c5_000e6cf4_000bc939
003001d0: 000e710d_000ffd34_00102ec0_0009e0db
00100100: 0000015a
00100140: 000001b4
00100180: 0000009a
001001c0: 00000086
00200020: 000001ca_000001bc_00000178_00000121
00100104: 0000018e
00100144: 00000013
00100184: 000000db
001001c4: 000000eb
00200060: 00000124_00000159_00000068_000000d0
00100108: 000001be
00100148: 000000c9
00100188: 000000ac
001001c8: 00000154
002000a0: 0000007c_000000cd_00000138_0000012b
0010010c: 00000041
0010014c: 00000152
0010018c: 00000139
001001cc: 000001ca
002000e0: 000000b1_00000052_0000000b_0000018d
00100110: 000000ff
00100150: 000001e0
00100190: 00000040
001001d0: 0000004e
00200120: 000001d2_000001e2_000001a6_00000196
00100114: 000000aa
00100154: 000000da
00100194: 00000060
001001d4: 0000018f
00200160: 0000019b_0000010d_00000025_0000007b
00100118: 000001d2
00100158: 000001af
00100198: 000000af
001001d8: 000001ad
002001a0: 0000008b_0000010b_00000067_0000019f
0010011c: 000001ab
0010015c: 00000117
0010019c: 000000f4
001001dc: 000001e0
002001e0: 0000014d_0000002d_000000f2_000000f3
00100120: 00000140
00100160: 00000032
001001a0: 000001f3
001001e0: 0000003a
00200220: 00000192_00000179_00000043_000000f2
00100124: 00000159
00100164: 000000ab
001001a4: 00000107
001001e4: 0000001e
00200260: 000001ef_000000b1_000000d2_0000017e
00100128: 000001e8
00100168: 00000069
001001a8: 000000b8
001001e8: 00000009
002002a0: 000001b4_00000104_000001ba_00000079
0010012c: 00000062
0010016c: 00000003
001001ac: 0000000e
001001ec: 0000017e
002002e0: 0000004f_000000d6_00000156_000000cd
00100130: 00000132
00100170: 000001c7
001001b0: 00000144
001001f0: 00000072
00200320: 00000152_00000021_0000003b_00000151
00100134: 00000035
00100174: 00000036
001001b4: 000001df
001001f4: 0000003b
00200360: 0000004f_00000051_0000007c_0000004f
00100138: 00000180
00100178: 00000193
001001b8: 000000e1
001001f8: 00000196
002003a0: 000001a3_00000143_00000062_0000006e
0010013c: 00000065
0010017c: 00000044
001001bc: 00000040
001001fc: 000000db
002003e0: 0000002d_00000183_000000e5_000001a8
00300120: 0017591b_00126afe_000f5614_0012fc6d
00300160: 0012df4f_000e566b_000b2446_0010fff6
003001a0: 000fe8ff_000b783e_00082b79_000d7059
003001e0: 000ec708_000d3151_0009cec5_000fbf42
00100100: 0000015a
00100140: 000001b4
00100180: 0000009a
001001c0: 00000086
00200030: 00000104_000001d4_000001f3_00000088
00100104: 0000018e
00100144: 00000013
00100184: 000000db
001001c4: 000000eb
00200070: 000000c7_000000d7_00000040_00000171
00100108: 000001be
00100148: 000000c9
00100188: 000000ac
001001c8: 00000154
002000b0: 000000cb_0000000d_0000019c_0000018b
0010010c: 00000041
0010014c: 00000152
0010018c: 00000139
001001cc: 000001ca
002000f0: 000001c9_000000c6_00000058_00000145
00100110: 000000ff
00100150: 000001e0
00100190: 00000040
001001d0: 0000004e
00200130: 000000e5_0000015a_00000090_000000ba
00100114: 000000aa
00100154: 000000da
00100194: 00000060
001001d4: 0000018f
00200170: 00000152_0000009c_00000153_00000039
00100118: 000001d2
00100158: 000001af
00100198: 000000af
001001d8: 000001ad
002001b0: 0000017c_0000002e_000000e2_00000045
0010011c: 000001ab
0010015c: 00000117
0010019c: 000000f4
001001dc: 000001e0
002001f0: 00000027_0000007b_00000154_00000168
00100120: 00000140
00100160: 00000032
001001a0: 000001f3
001001e0: 0000003a
00200230: 000001eb_000001cd_0000008e_000001cd
00100124: 00000159
00100164: 000000ab
001001a4: 00000107
001001e4: 0000001e
00200270: 000000e6_0000013f_000000dd_00000162
00100128: 000001e8
00100168: 00000069
001001a8: 000000b8
001001e8: 00000009
002002b0: 000000ed_00000171_000001ad_00000048
0010012c: 00000062
0010016c: 00000003
001001ac: 0000000e
001001ec: 0000017e
002002f0: 00000079_000000a6_000000b1_000001b3
00100130: 00000132
00100170: 000001c7
001001b0: 00000144
001001f0: 00000072
00200330: 0000011f_000001ae_0000010e_00000092
00100134: 00000035
00100174: 00000036
001001b4: 000001df
001001f4: 0000003b
00200370: 000000a3_000000f2_00000027_000001dd
00100138: 00000180
00100178: 00000193
001001b8: 000000e1
001001f8: 00000196
002003b0: 000000b5_0000011e_000000cd_0000001b
0010013c: 00000065
0010017c: 00000044
001001bc: 00000040
001001fc: 000000db
002003f0: 000000de_00000075_000000b7_0000006b
00300130: 00119184_0011ed33_0013447d_00105e73
00300170: 000f105d_000ef6c3_000ee8d2_000a8837
003001b0: 000eabd9_000ecc35_000b1b7d_000f8ffc
003001f0: 000e61e7_000a7189_000de932_000de6fb
00100200: 00000197
00100240: 000001a0
00100280: 0000015a
001002c0: 0000013e
00200000: 000001a4_0000007c_00000015_0000018b
00100204: 0000015a
00100244: 000000ee
00100284: 00000095
001002c4: 0000019e
00200040: 000001cf_000000d8_00000153_0000017a
00100208: 00000002
00100248: 0000014a
00100288: 00000154
001002c8: 000001c9
00200080: 0000016c_00000129_0000005e_0000006a
0010020c: 00000098
0010024c: 00000000
0010028c: 0000016a
001002cc: 000001b6
002000c0: 00000113_00000164_000001b9_00000094
00100210: 00000164
00100250: 000001b9
00100290: 000001e5
001002d0: 0000006b
00200100: 000001c9_000000cb_00000122_0000005a
00100214: 00000150
00100254: 000001d7
00100294: 0000019f
001002d4: 0000004d
00200140: 000001c9_00000054_0000017e_000001f3
00100218: 000000c2
00100258: 00000097
00100298: 0000000d
001002d8: 0000009a
00200180: 00000097_00000038_00000164_00000057
0010021c: 000000d3
0010025c: 00000183
0010029c: 00000159
001002dc: 00000039
002001c0: 00000195_00000030_00000132_0000011b
00100220: 0000003a
00100260: 000001a8
001002a0: 000000b7
001002e0: 0000002b
00200200: 00000051_0000012f_000000f7_000001c7
00100224: 000001ef
00100264: 00000115
001002a4: 00000093
001002e4: 00000116
00200240: 000000ba_00000186_000001a3_0000001b
00100228: 0000011f
00100268: 00000102
001002a8: 0000012b
001002e8: 000001d2
00200280: 00000118_00000095_000000b0_000001c2
0010022c: 00000191
0010026c: 00000070
001002ac: 000001b4
001002ec: 00000116
002002c0: 000001ba_00000113_0000009d_00000134
00100230: 000000ec
00100270: 00000089
001002b0: 00000071
001002f0: 0000011e
00200300: 000000d2_000000d8_000001af_00000148
00100234: 000000f2
00100274: 00000088
001002b4: 0000009d
001002f4: 00000007
00200340: 000001c7_00000059_00000168_000000aa
00100238: 00000053
00100278: 0000013b
001002b8: 00000187
001002f8: 0000012f
00200380: 000000ad_0000005d_0000012a_0000002c
0010023c: 000000b6
0010027c: 000000d4
001002bc: 0000009f
001002fc: 0000019f
002003c0: 000001dd_000000e7_000001d0_00000186
00300200: 0015aa60_000c0383_00122e4d_00106bb5
00300240: 00163481_000bf1ec_001212c8_00125838
00300280: 00179e4d_000ce1d6_001209c0_0011428d
003002c0: 0014d299_000df1ae_0011f6a7_00104235
00100200: 00000197
00100240: 000001a0
00100280: 0000015a
001002c0: 0000013e
00200010: 00000142_000000c0_00000086_00000147
00100204: 0000015a
00100244: 000000ee
00100284: 00000095
001002c4: 0000019e
00200050: 000000b7_00000030_00000180_00000021
00100208: 00000002
00100248: 0000014a
00100288: 00000154
001002c8: 000001c9
00200090: 00000027_000001c5_00000037_0000009b
0010020c: 00000098
0010024c: 00000000
0010028c: 0000016a
001002cc: 000001b6
002000d0: 000000a6_00000045_000000d5_00000034
00100210: 00000164
00100250: 000001b9
00100290: 000001e5
001002d0: 0000006b
00200110: 0000014e_000001a7_00000105_0000018c
00100214: 00000150
00100254: 000001d7
00100294: 0000019f
001002d4: 0000004d
00200150: 000000fa_00000091_000001bd_00000007
00100218: 000000c2
00100258: 00000097
00100298: 0000000d
001002d8: 0000009a
00200190: 000000e1_00000177_000001ef_0000001e
0010021c: 000000d3
0010025c: 00000183
0010029c: 00000159
001002dc: 00000039
002001d0: 000001ab_0000008f_000000fe_00000035
00100220: 0000003a
00100260: 000001a8
001002a0: 000000b7
001002e0: 0000002b
00200210: 000000fc_0000013b_0000011c_00000032
00100224: 000001ef
00100264: 00000115
001002a4: 00000093
001002e4: 00000116
00200250: 000000d1_000000b5_00000086_00000150
00100228: 0000011f
00100268: 00000102
001002a8: 0000012b
001002e8: 000001d2
00200290: 000001b5_0000012e_00000087_0000014c
0010022c: 00000191
0010026c: 00000070
001002ac: 000001b4
001002ec: 00000116
002002d0: 00000151_000001a6_00000079_00000160
00100230: 000000ec
00100270: 00000089
001002b0: 00000071
001002f0: 0000011e
00200310: 0000019e_00000185_000000de_000001c2
00100234: 000000f2
00100274: 00000088
001002b4: 0000009d
001002f4: 00000007
00200350: 00000180_000000ec_0000019a_00000191
00100238: 00000053
00100278: 0000013b
001002b8: 00000187
001002f8: 0000012f
00200390: 000000ed_00000197_0000011c_000001ad
0010023c: 000000b6
0010027c: 000000d4
001002bc: 0000009f
001002fc: 0000019f
002003d0: 0000006e_000001ac_00000145_000000da
00300210: 0011c7e3_000fc21b_000f821e_000f3771
00300250: 0011f4d8_0012a0bd_0010fd83_000e43f3
00300290: 00124e38_0012e74e_000f96ed_000fba39
003002d0: 000f115d_0011f2c0_000dd3ea_000ead6d
00100200: 00000197
00100240: 000001a0
00100280: 0000015a
001002c0: 0000013e
00200020: 000001ca_000001bc_00000178_00000121
00100204: 0000015a
00100244: 000000ee
00100284: 00000095
001002c4: 0000019e
00200060: 00000124_00000159_00000068_000000d0
00100208: 00000002
00100248: 0000014a
00100288: 00000154
001002c8: 000001c9
002000a0: 0000007c_000000cd_00000138_0000012b
0010020c: 00000098
0010024c: 00000000
0010028c: 0000016a
001002cc: 000001b6
002000e0: 000000b1_00000052_0000000b_0000018d
00100210: 00000164
00100250: 000001b9
00100290: 000001e5
001002d0: 0000006b
00200120: 000001d2_000001e2_000001a6_00000196
00100214: 00000150
00100254: 000001d7
00100294: 0000019f
001002d4: 0000004d
00200160: 0000019b_0000010d_00000025_0000007b
00100218: 000000c2
00100258: 00000097
00100298: 0000000d
001002d8: 0000009a
002001a0: 0000008b_0000010b_00000067_0000019f
0010021c: 000000d3
0010025c: 00000183
0010029c: 00000159
001002dc: 00000039
002001e0: 0000014d_0000002d_000000f2_000000f3
00100220: 0000003a
00100260: 000001a8
001002a0: 000000b7
001002e0: 0000002b
00200220: 00000192_00000179_00000043_000000f2
00100224: 000001ef
00100264: 00000115
001002a4: 00000093
001002e4: 00000116
00200260: 000001ef_000000b1_000000d2_0000017e
00100228: 0000011f
00100268: 00000102
001002a8: 0000012b
001002e8: 000001d2
002002a0: 000001b4_00000104_000001ba_00000079
0010022c: 00000191
0010026c: 00000070
001002ac: 000001b4
001002ec: 00000116
002002e0: 0000004f_000000d6_00000156_000000cd
00100230: 000000ec
00100270: 00000089
001002b0: 00000071
001002f0: 0000011e
00200320: 00000152_00000021_0000003b_00000151
00100234: 000000f2
00100274: 00000088
001002b4: 0000009d
001002f4: 00000007
00200360: 0000004f_00000051_0000007c_0000004f
00100238: 00000053
00100278: 0000013b
001002b8: 00000187
001002f8: 0000012f
002003a0: 000001a3_00000143_00000062_0000006e
0010023c: 000000b6
0010027c: 000000d4
001002bc: 0000009f
001002fc: 0000019f
002003e0: 0000002d_00000183_000000e5_000001a8
00300220: 00139300_000fba71_000d96e4_00106022
00300260: 00168af5_0012c774_000e5873_0010e0d6
003002a0: 0014a9d5_001161c4_000f0aad_0010caa6
003002e0: 00117aa5_000feead_000d9e31_0011a15c
00100200: 00000197
00100240: 000001a0
00100280: 0000015a
001002c0: 0000013e
00200030: 00000104_000001d4_000001f3_00000088
00100204: 0000015a
00100244: 000000ee
00100284: 00000095
001002c4: 0000019e
00200070: 000000c7_000000d7_00000040_00000171
00100208: 00000002
00100248: 0000014a
00100288: 00000154
001002c8: 000001c9
002000b0: 000000cb_0000000d_0000019c_0000018b
0010020c: 00000098
0010024c: 00000000
0010028c: 0000016a
001002cc: 000001b6
002000f0: 000001c9_000000c6_00000058_00000145
00100210: 00000164
00100250: 000001b9
00100290: 000001e5
001002d0: 0000006b
00200130: 000000e5_0000015a_00000090_000000ba
00100214: 00000150
00100254: 000001d7
00100294: 0000019f
001002d4: 0000004d
00200170: 00000152_0000009c_00000153_00000039
00100218: 000000c2
00100258: 00000097
00100298: 0000000d
001002d8: 0000009a
002001b0: 0000017c_0000002e_000000e2_00000045
0010021c: 000000d3
0010025c: 00000183
0010029c: 00000159
001002dc: 00000039
002001f0: 00000027_0000007b_00000154_00000168
00100220: 0000003a
00100260: 000001a8
001002a0: 000000b7
001002e0: 0000002b
00200230: 000001eb_000001cd_0000008e_000001cd
00100224: 000001ef
00100264: 00000115
001002a4: 00000093
001002e4: 00000116
00200270: 000000e6_0000013f_000000dd_00000162
00100228: 0000011f
00100268: 00000102
001002a8: 0000012b
001002e8: 000001d2
002002b0: 000000ed_00000171_000001ad_00000048
0010022c: 00000191
0010026c: 00000070
001002ac: 000001b4
001002ec: 00000116
002002f0: 00000079_000000a6_000000b1_000001b3
00100230: 000000ec
00100270: 00000089
001002b0: 00000071
001002f0: 0000011e
00200330: 0000011f_000001ae_0000010e_00000092
00100234: 000000f2
00100274: 00000088
001002b4: 0000009d
001002f4: 00000007
00200370: 000000a3_000000f2_00000027_000001dd
00100238: 00000053
00100278: 0000013b
001002b8: 00000187
001002f8: 0000012f
002003b0: 000000b5_0000011e_000000cd_0000001b
0010023c: 000000b6
0010027c: 000000d4
001002bc: 0000009f
001002fc: 0000019f
002003f0: 000000de_00000075_000000b7_0000006b
00300230: 000e63d2_00104a7d_000e9407_000ee6da
00300270: 00104942_001151f6_001179a3_000f6a41
003002b0: 000fcba0_00106d8a_0010b422_00102aa7
003002f0: 000fb1fc_000ef49a_000fde2e_000e6a4a
00100300: 000001db
00100340: 00000101
00100380: 0000019c
001003c0: 0000014a
00200000: 000001a4_0000007c_00000015_0000018b
00100304: 00000117
00100344: 000000d9
00100384: 00000016
001003c4: 000001df
00200040: 000001cf_000000d8_00000153_0000017a
00100308: 00000067
00100348: 00000183
00100388: 00000086
001003c8: 000001e3
00200080: 0000016c_00000129_0000005e_0000006a
0010030c: 00000174
0010034c: 00000046
0010038c: 000000fc
001003cc: 00000088
002000c0: 00000113_00000164_000001b9_00000094
00100310: 00000044
00100350: 00000026
00100390: 000001ee
001003d0: 000000a0
00200100: 000001c9_000000cb_00000122_0000005a
00100314: 0000014b
00100354: 000000b0
00100394: 00000052
001003d4: 00000104
00200140: 000001c9_00000054_0000017e_000001f3
00100318: 00000173
00100358: 00000122
00100398: 000000a4
001003d8: 0000007d
00200180: 00000097_00000038_00000164_00000057
0010031c: 0000003b
0010035c: 00000144
0010039c: 000000a7
001003dc: 0000003e
002001c0: 00000195_00000030_00000132_0000011b
00100320: 0000005e
00100360: 00000048
001003a0: 000001e6
001003e0: 00000025
00200200: 00000051_0000012f_000000f7_000001c7
00100324: 00000100
00100364: 000001bb
001003a4: 0000016a
001003e4: 000000d0
00200240: 000000ba_00000186_000001a3_0000001b
00100328: 00000033
00100368: 00000070
001003a8: 000000c0
001003e8: 000000f7
00200280: 00000118_00000095_000000b0_000001c2
0010032c: 0000008a
0010036c: 000001ce
001003ac: 000000b2
001003ec: 00000094
002002c0: 000001ba_00000113_0000009d_00000134
00100330: 000001d4
00100370: 000000e3
001003b0: 0000012b
001003f0: 0000019e
00200300: 000000d2_000000d8_000001af_00000148
00100334: 0000000e
00100374: 0000015e
001003b4: 000001cb
001003f4: 000000fa
00200340: 000001c7_00000059_00000168_000000aa
00100338: 00000139
00100378: 00000196
001003b8: 0000010d
001003f8: 00000189
00200380: 000000ad_0000005d_0000012a_0000002c
0010033c: 00000188
0010037c: 00000147
001003bc: 00000170
001003fc: 0000016d
002003c0: 000001dd_000000e7_000001d0_00000186
00300300: 00126ae9_000b5765_00129450_000f84a4
00300340: 001555fc_000c4752_001299e4_000ea570
00300380: 001534cf_000d9928_0013df75_00105f99
003003c0: 0015cc4f_000c4067_0012567c_00105d22
00100300: 000001db
00100340: 00000101
00100380: 0000019c
001003c0: 0000014a
00200010: 00000142_000000c0_00000086_00000147
00100304: 00000117
00100344: 000000d9
00100384: 00000016
001003c4: 000001df
00200050: 000000b7_00000030_00000180_00000021
00100308: 00000067
00100348: 00000183
00100388: 00000086
001003c8: 000001e3
00200090: 00000027_000001c5_00000037_0000009b
0010030c: 00000174
0010034c: 00000046
0010038c: 000000fc
001003cc: 00000088
002000d0: 000000a6_00000045_000000d5_00000034
00100310: 00000044
00100350: 00000026
00100390: 000001ee
001003d0: 000000a0
00200110: 0000014e_000001a7_00000105_0000018c
00100314: 0000014b
00100354: 000000b0
00100394: 00000052
001003d4: 00000104
00200150: 000000fa_00000091_000001bd_00000007
00100318: 00000173
00100358: 00000122
00100398: 000000a4
001003d8: 0000007d
00200190: 000000e1_00000177_000001ef_0000001e
0010031c: 0000003b
0010035c: 00000144
0010039c: 000000a7
001003dc: 0000003e
002001d0: 000001ab_0000008f_000000fe_00000035
00100320: 0000005e
00100360: 00000048
001003a0: 000001e6
001003e0: 00000025
00200210: 000000fc_0000013b_0000011c_00000032
00100324: 00000100
00100364: 000001bb
001003a4: 0000016a
001003e4: 000000d0
00200250: 000000d1_000000b5_00000086_00000150
00100328: 00000033
00100368: 00000070
001003a8: 000000c0
001003e8: 000000f7
00200290: 000001b5_0000012e_00000087_0000014c
0010032c: 0000008a
0010036c: 000001ce
001003ac: 000000b2
001003ec: 00000094
002002d0: 00000151_000001a6_00000079_00000160
00100330: 000001d4
00100370: 000000e3
001003b0: 0000012b
001003f0: 0000019e
00200310: 0000019e_00000185_000000de_000001c2
00100334: 0000000e
00100374: 0000015e
001003b4: 000001cb
001003f4: 000000fa
00200350: 00000180_000000ec_0000019a_00000191
00100338: 00000139
00100378: 00000196
001003b8: 0000010d
001003f8: 00000189
00200390: 000000ed_00000197_0000011c_000001ad
0010033c: 00000188
0010037c: 00000147
001003bc: 00000170
001003fc: 0000016d
002003d0: 0000006e_000001ac_00000145_000000da
00300310: 000e7090_000fbcb3_000fb6f0_000cbfba
00300350: 00108fdf_0012fca9_000fc86e_000fd389
00300390: 0012ac44_0013f4a9_0010c226_0011ca23
003003d0: 000f8f13_00124892_000fc35a_000f8a39
00100300: 000001db
00100340: 00000101
00100380: 0000019c
001003c0: 0000014a
00200020: 000001ca_000001bc_00000178_00000121
00100304: 00000117
00100344: 000000d9
00100384: 00000016
001003c4: 000001df
00200060: 00000124_00000159_00000068_000000d0
00100308: 00000067
00100348: 00000183
00100388: 00000086
001003c8: 000001e3
002000a0: 0000007c_000000cd_00000138_0000012b
0010030c: 00000174
0010034c: 00000046
0010038c: 000000fc
001003cc: 00000088
002000e0: 000000b1_00000052_0000000b_0000018d
00100310: 00000044
00100350: 00000026
00100390: 000001ee
001003d0: 000000a0
00200120: 000001d2_000001e2_000001a6_00000196
00100314: 0000014b
00100354: 000000b0
00100394: 00000052
001003d4: 00000104
00200160: 0000019b_0000010d_00000025_0000007b
00100318: 00000173
00100358: 00000122
00100398: 000000a4
001003d8: 0000007d
002001a0: 0000008b_0000010b_00000067_0000019f
0010031c: 0000003b
0010035c: 00000144
0010039c: 000000a7
001003dc: 0000003e
002001e0: 0000014d_0000002d_000000f2_000000f3
00100320: 0000005e
00100360: 00000048
001003a0: 000001e6
001003e0: 00000025
00200220: 00000192_00000179_00000043_000000f2
00100324: 00000100
00100364: 000001bb
001003a4: 0000016a
001003e4: 000000d0
00200260: 000001ef_000000b1_000000d2_0000017e
00100328: 00000033
00100368: 00000070
001003a8: 000000c0
001003e8: 000000f7
002002a0: 000001b4_00000104_000001ba_00000079
0010032c: 0000008a
0010036c: 000001ce
001003ac: 000000b2
001003ec: 00000094
002002e0: 0000004f_000000d6_00000156_000000cd
00100330: 000001d4
00100370: 000000e3
001003b0: 0000012b
001003f0: 0000019e
00200320: 00000152_00000021_0000003b_00000151
00100334: 0000000e
00100374: 0000015e
001003b4: 000001cb
001003f4: 000000fa
00200360: 0000004f_00000051_0000007c_0000004f
00100338: 00000139
00100378: 00000196
001003b8: 0000010d
001003f8: 00000189
002003a0: 000001a3_00000143_00000062_0000006e
0010033c: 00000188
0010037c: 00000147
001003bc: 00000170
001003fc: 0000016d
002003e0: 0000002d_00000183_000000e5_000001a8
00300320: 00111ffe_000ee178_000969a0_00112a08
00300360: 0010d27a_000ea145_000cf1ee_0010805f
003003a0: 001468ef_0011ba32_000de315_0012a2bd
003003e0: 0011e3b5_001014ea_000c6df5_00103913
00100300: 000001db
00100340: 00000101
00100380: 0000019c
001003c0: 0000014a
00200030: 00000104_000001d4_000001f3_00000088
00100304: 00000117
00100344: 000000d9
00100384: 00000016
001003c4: 000001df
00200070: 000000c7_000000d7_00000040_00000171
00100308: 00000067
00100348: 00000183
00100388: 00000086
001003c8: 000001e3
002000b0: 000000cb_0000000d_0000019c_0000018b
0010030c: 00000174
0010034c: 00000046
0010038c: 000000fc
001003cc: 00000088
002000f0: 000001c9_000000c6_00000058_00000145
00100310: 00000044
00100350: 00000026
00100390: 000001ee
001003d0: 000000a0
00200130: 000000e5_0000015a_00000090_000000ba
00100314: 0000014b
00100354: 000000b0
00100394: 00000052
001003d4: 00000104
00200170: 00000152_0000009c_00000153_00000039
00100318: 00000173
00100358: 00000122
00100398: 000000a4
001003d8: 0000007d
002001b0: 0000017c_0000002e_000000e2_00000045
0010031c: 0000003b
0010035c: 00000144
0010039c: 000000a7
001003dc: 0000003e
002001f0: 00000027_0000007b_00000154_00000168
00100320: 0000005e
00100360: 00000048
001003a0: 000001e6
001003e0: 00000025
00200230: 000001eb_000001cd_0000008e_000001cd
00100324: 00000100
00100364: 000001bb
001003a4: 0000016a
001003e4: 000000d0
00200270: 000000e6_0000013f_000000dd_00000162
00100328: 00000033
00100368: 00000070
001003a8: 000000c0
001003e8: 000000f7
002002b0: 000000ed_00000171_000001ad_00000048
0010032c: 0000008a
0010036c: 000001ce
001003ac: 000000b2
001003ec: 00000094
002002f0: 00000079_000000a6_000000b1_000001b3
00100330: 000001d4
00100370: 000000e3
001003b0: 0000012b
001003f0: 0000019e
00200330: 0000011f_000001ae_0000010e_00000092
00100334: 0000000e
00100374: 0000015e
001003b4: 000001cb
001003f4: 000000fa
00200370: 000000a3_000000f2_00000027_000001dd
00100338: 00000139
00100378: 00000196
001003b8: 0000010d
001003f8: 00000189
002003b0: 000000b5_0000011e_000000cd_0000001b
0010033c: 00000188
0010037c: 00000147
001003bc: 00000170
001003fc: 0000016d
002003f0: 000000de_00000075_000000b7_0000006b
00300330: 00101827_000eb3ae_000e4454_000b25b7
00300370: 000db9db_000dde20_000f53f3_00109fc9
003003b0: 001172ba_00133bff_000eaa8e_001115aa
003003f0: 000eccd9_000f259f_000f8cbf_000e41d2

00106022 000d96e4 000fba71 00139300 000ee6da 000e9407 00104a7d 000e63d2 
0010e0d6 000e5873 0012c774 00168af5 000f6a41 001179a3 001151f6 00104942 
0010caa6 000f0aad 001161c4 0014a9d5 00102aa7 0010b422 00106d8a 000fcba0 
0011a15c 000d9e31 000feead 00117aa5 000e6a4a 000fde2e 000ef49a 000fb1fc 
00112a08 000969a0 000ee178 00111ffe 000b25b7 000e4454 000eb3ae 00101827 
0010805f 000cf1ee 000ea145 0010d27a 00109fc9 000f53f3 000dde20 000db9db 
0012a2bd 000de315 0011ba32 001468ef 001115aa 000eaa8e 00133bff 001172ba 
00103913 000c6df5 001014ea 0011e3b5 000e41d2 000f8cbf 000f259f 000eccd9 
c8541128

END
________________________________________________________________________________________________________________________________________________________________________________________________________________________________________________________________________________________________________________________________________________________________________________________________________________________________________________________________________________________________________________________________________________________________________________________________________________________________________________________________________________________________________________________________________________________________________________________________________________________________________________________________________________________________________________________________________________________________________________________________________________________________________________________________________________________________________________________________________________________________________________________________________________________________________________________________________________________________________________________________________________________________________________________________________________________________________________________________________________________________________________________________________________________________________________________________________________________________________________________________________________________________________________________________________________________________________________________________________________________________________________________________________________________________________________________________________________________________________________________________________________________________________________________________________________________________________________________________
